This is XeTeX, Version 3.14159265-2.6-0.99999 (TeX Live 2018) (preloaded format=xelatex 2019.3.25)  27 MAR 2019 23:13
entering extended mode
 restricted \write18 enabled.
 %&-line parsing enabled.
**navy_public_health.tex
(./navy_public_health.tex
LaTeX2e <2018-12-01>

(/Users/georgianaanderson/Library/TinyTeX/texmf-dist/tex/latex/tufte-latex/tuft
e-book.cls
Document Class: tufte-book 2015/06/21 v3.5.2 Tufte-book class

(/Users/georgianaanderson/Library/TinyTeX/texmf-dist/tex/latex/tufte-latex/tuft
e-common.def
File: tufte-common.def 2015/06/21 v3.5.2 Common code for the Tufte-LaTeX styles


(/Users/georgianaanderson/Library/TinyTeX/texmf-dist/tex/latex/xkeyval/xkeyval.
sty
Package: xkeyval 2014/12/03 v2.7a package option processing (HA)

(/Users/georgianaanderson/Library/TinyTeX/texmf-dist/tex/generic/xkeyval/xkeyva
l.tex
(/Users/georgianaanderson/Library/TinyTeX/texmf-dist/tex/generic/xkeyval/xkvuti
ls.tex
\XKV@toks=\toks14
\XKV@tempa@toks=\toks15

(/Users/georgianaanderson/Library/TinyTeX/texmf-dist/tex/generic/xkeyval/keyval
.tex))
\XKV@depth=\count80
File: xkeyval.tex 2014/12/03 v2.7a key=value parser (HA)
))
(/Users/georgianaanderson/Library/TinyTeX/texmf-dist/tex/latex/xifthen/xifthen.
sty
Package: xifthen 2015/11/05 v1.4.0 Extended ifthen features
(/Users/georgianaanderson/Library/TinyTeX/texmf-dist/tex/latex/tools/calc.sty
Package: calc 2017/05/25 v4.3 Infix arithmetic (KKT,FJ)
\calc@Acount=\count81
\calc@Bcount=\count82
\calc@Adimen=\dimen102
\calc@Bdimen=\dimen103
\calc@Askip=\skip41
\calc@Bskip=\skip42
LaTeX Info: Redefining \setlength on input line 80.
LaTeX Info: Redefining \addtolength on input line 81.
\calc@Ccount=\count83
\calc@Cskip=\skip43
) (/Users/georgianaanderson/Library/TinyTeX/texmf-dist/tex/latex/base/ifthen.st
y
Package: ifthen 2014/09/29 v1.1c Standard LaTeX ifthen package (DPC)
)
(/Users/georgianaanderson/Library/TinyTeX/texmf-dist/tex/latex/ifmtarg/ifmtarg.
sty
Package: ifmtarg 2018/04/16 v1.2b check for an empty argument
))
(/Users/georgianaanderson/Library/TinyTeX/texmf-dist/tex/latex/hardwrap/hardwra
p.sty
Package: hardwrap 2011/02/12 v0.2 Hard wrap messages

(/Users/georgianaanderson/Library/TinyTeX/texmf-dist/tex/generic/oberdiek/pdfte
xcmds.sty
Package: pdftexcmds 2018/09/10 v0.29 Utility functions of pdfTeX for LuaTeX (HO
)

(/Users/georgianaanderson/Library/TinyTeX/texmf-dist/tex/generic/oberdiek/infwa
rerr.sty
Package: infwarerr 2016/05/16 v1.4 Providing info/warning/error messages (HO)
)
(/Users/georgianaanderson/Library/TinyTeX/texmf-dist/tex/generic/oberdiek/iflua
tex.sty
Package: ifluatex 2016/05/16 v1.4 Provides the ifluatex switch (HO)
Package ifluatex Info: LuaTeX not detected.
)
(/Users/georgianaanderson/Library/TinyTeX/texmf-dist/tex/generic/oberdiek/ltxcm
ds.sty
Package: ltxcmds 2016/05/16 v1.23 LaTeX kernel commands for general use (HO)
)
(/Users/georgianaanderson/Library/TinyTeX/texmf-dist/tex/generic/oberdiek/ifpdf
.sty
Package: ifpdf 2018/09/07 v3.3 Provides the ifpdf switch
)
Package pdftexcmds Info: LuaTeX not detected.
Package pdftexcmds Info: pdfTeX >= 1.30 not detected.
Package pdftexcmds Info: \pdf@primitive is available.
Package pdftexcmds Info: \pdf@ifprimitive is available.
Package pdftexcmds Info: \pdfdraftmode not found.
)
(/Users/georgianaanderson/Library/TinyTeX/texmf-dist/tex/generic/ifxetex/ifxete
x.sty
Package: ifxetex 2010/09/12 v0.6 Provides ifxetex conditional
)
\hw@charcount=\count84
\hw@wordcount=\count85
\hw@maxprintline=\count86
)
Class tufte-book Info: Loading the base class `book'
(/Users/georgianaanderson/Library/TinyTeX/texmf-dist/tex/latex/base/book.cls
Document Class: book 2018/09/03 v1.4i Standard LaTeX document class
(/Users/georgianaanderson/Library/TinyTeX/texmf-dist/tex/latex/base/bk10.clo
File: bk10.clo 2018/09/03 v1.4i Standard LaTeX file (size option)
)
\c@part=\count87
\c@chapter=\count88
\c@section=\count89
\c@subsection=\count90
\c@subsubsection=\count91
\c@paragraph=\count92
\c@subparagraph=\count93
\c@figure=\count94
\c@table=\count95
\abovecaptionskip=\skip44
\belowcaptionskip=\skip45
\bibindent=\dimen104
)
(/Users/georgianaanderson/Library/TinyTeX/texmf-dist/tex/xelatex/xltxtra/xltxtr
a.sty
Package: xltxtra 2018/12/31 v0.7 Improvements for the "XeLaTeX" format

(/Users/georgianaanderson/Library/TinyTeX/texmf-dist/tex/latex/fontspec/fontspe
c.sty
(/Users/georgianaanderson/Library/TinyTeX/texmf-dist/tex/latex/l3packages/xpars
e/xparse.sty
(/Users/georgianaanderson/Library/TinyTeX/texmf-dist/tex/latex/l3kernel/expl3.s
ty
Package: expl3 2019-02-15 L3 programming layer (loader) 

(/Users/georgianaanderson/Library/TinyTeX/texmf-dist/tex/latex/l3kernel/expl3-c
ode.tex
Package: expl3 2019-02-15 L3 programming layer (code)
\c_max_int=\count96
\l_tmpa_int=\count97
\l_tmpb_int=\count98
\g_tmpa_int=\count99
\g_tmpb_int=\count100
\g__kernel_prg_map_int=\count101
\c_log_iow=\count102
\l_iow_line_count_int=\count103
\l__iow_line_target_int=\count104
\l__iow_one_indent_int=\count105
\l__iow_indent_int=\count106
\c_zero_dim=\dimen105
\c_max_dim=\dimen106
\l_tmpa_dim=\dimen107
\l_tmpb_dim=\dimen108
\g_tmpa_dim=\dimen109
\g_tmpb_dim=\dimen110
\c_zero_skip=\skip46
\c_max_skip=\skip47
\l_tmpa_skip=\skip48
\l_tmpb_skip=\skip49
\g_tmpa_skip=\skip50
\g_tmpb_skip=\skip51
\c_zero_muskip=\muskip10
\c_max_muskip=\muskip11
\l_tmpa_muskip=\muskip12
\l_tmpb_muskip=\muskip13
\g_tmpa_muskip=\muskip14
\g_tmpb_muskip=\muskip15
\l_keys_choice_int=\count107
\l__intarray_loop_int=\count108
\c__intarray_sp_dim=\dimen111
\g__intarray_font_int=\count109
\c__fp_leading_shift_int=\count110
\c__fp_middle_shift_int=\count111
\c__fp_trailing_shift_int=\count112
\c__fp_big_leading_shift_int=\count113
\c__fp_big_middle_shift_int=\count114
\c__fp_big_trailing_shift_int=\count115
\c__fp_Bigg_leading_shift_int=\count116
\c__fp_Bigg_middle_shift_int=\count117
\c__fp_Bigg_trailing_shift_int=\count118
\g__fp_array_int=\count119
\l__fp_array_loop_int=\count120
\l__sort_length_int=\count121
\l__sort_min_int=\count122
\l__sort_top_int=\count123
\l__sort_max_int=\count124
\l__sort_true_max_int=\count125
\l__sort_block_int=\count126
\l__sort_begin_int=\count127
\l__sort_end_int=\count128
\l__sort_A_int=\count129
\l__sort_B_int=\count130
\l__sort_C_int=\count131
\l__tl_analysis_normal_int=\count132
\l__tl_analysis_index_int=\count133
\l__tl_analysis_nesting_int=\count134
\l__tl_analysis_type_int=\count135
\l__regex_internal_a_int=\count136
\l__regex_internal_b_int=\count137
\l__regex_internal_c_int=\count138
\l__regex_balance_int=\count139
\l__regex_group_level_int=\count140
\l__regex_mode_int=\count141
\c__regex_cs_in_class_mode_int=\count142
\c__regex_cs_mode_int=\count143
\l__regex_catcodes_int=\count144
\l__regex_default_catcodes_int=\count145
\c__regex_catcode_L_int=\count146
\c__regex_catcode_O_int=\count147
\c__regex_catcode_A_int=\count148
\c__regex_all_catcodes_int=\count149
\l__regex_show_lines_int=\count150
\l__regex_min_state_int=\count151
\l__regex_max_state_int=\count152
\l__regex_left_state_int=\count153
\l__regex_right_state_int=\count154
\l__regex_capturing_group_int=\count155
\l__regex_min_pos_int=\count156
\l__regex_max_pos_int=\count157
\l__regex_curr_pos_int=\count158
\l__regex_start_pos_int=\count159
\l__regex_success_pos_int=\count160
\l__regex_curr_char_int=\count161
\l__regex_curr_catcode_int=\count162
\l__regex_last_char_int=\count163
\l__regex_case_changed_char_int=\count164
\l__regex_curr_state_int=\count165
\l__regex_step_int=\count166
\l__regex_min_active_int=\count167
\l__regex_max_active_int=\count168
\l__regex_replacement_csnames_int=\count169
\l__regex_match_count_int=\count170
\l__regex_min_submatch_int=\count171
\l__regex_submatch_int=\count172
\l__regex_zeroth_submatch_int=\count173
\g__regex_trace_regex_int=\count174
\c_empty_box=\box27
\l_tmpa_box=\box28
\l_tmpb_box=\box29
\g_tmpa_box=\box30
\g_tmpb_box=\box31
\l__box_top_dim=\dimen112
\l__box_bottom_dim=\dimen113
\l__box_left_dim=\dimen114
\l__box_right_dim=\dimen115
\l__box_top_new_dim=\dimen116
\l__box_bottom_new_dim=\dimen117
\l__box_left_new_dim=\dimen118
\l__box_right_new_dim=\dimen119
\l__box_internal_box=\box32
\l__coffin_internal_box=\box33
\l__coffin_internal_dim=\dimen120
\l__coffin_offset_x_dim=\dimen121
\l__coffin_offset_y_dim=\dimen122
\l__coffin_x_dim=\dimen123
\l__coffin_y_dim=\dimen124
\l__coffin_x_prime_dim=\dimen125
\l__coffin_y_prime_dim=\dimen126
\c_empty_coffin=\box34
\l__coffin_aligned_coffin=\box35
\l__coffin_aligned_internal_coffin=\box36
\l_tmpa_coffin=\box37
\l_tmpb_coffin=\box38
\g_tmpa_coffin=\box39
\g_tmpb_coffin=\box40
\c__coffin_empty_coffin=\box41
\l__coffin_display_coffin=\box42
\l__coffin_display_coord_coffin=\box43
\l__coffin_display_pole_coffin=\box44
\l__coffin_display_offset_dim=\dimen127
\l__coffin_display_x_dim=\dimen128
\l__coffin_display_y_dim=\dimen129
\g__file_internal_ior=\read1
\l__coffin_bounding_shift_dim=\dimen130
\l__coffin_left_corner_dim=\dimen131
\l__coffin_right_corner_dim=\dimen132
\l__coffin_bottom_corner_dim=\dimen133
\l__coffin_top_corner_dim=\dimen134
\l__coffin_scaled_total_height_dim=\dimen135
\l__coffin_scaled_width_dim=\dimen136
)
(/Users/georgianaanderson/Library/TinyTeX/texmf-dist/tex/latex/l3kernel/l3xdvip
dfmx.def
File: l3xdvipdfmx.def 2019-02-15 v L3 Experimental driver: xdvipdfmx
\g__driver_image_int=\count175
\g__driver_pdf_object_int=\count176
))
Package: xparse 2018-10-17 L3 Experimental document command parser
\l__xparse_current_arg_int=\count177
\g__xparse_grabber_int=\count178
\l__xparse_m_args_int=\count179
\l__xparse_mandatory_args_int=\count180
\l__xparse_v_nesting_int=\count181
)
Package: fontspec 2019/02/12 v2.7b Font selection for XeLaTeX and LuaLaTeX

(/Users/georgianaanderson/Library/TinyTeX/texmf-dist/tex/latex/fontspec/fontspe
c-xetex.sty
Package: fontspec-xetex 2019/02/12 v2.7b Font selection for XeLaTeX and LuaLaTe
X
\l__fontspec_script_int=\count182
\l__fontspec_language_int=\count183
\l__fontspec_strnum_int=\count184
\l__fontspec_tmp_int=\count185
\l__fontspec_tmpa_int=\count186
\l__fontspec_tmpb_int=\count187
\l__fontspec_tmpc_int=\count188
\l__fontspec_em_int=\count189
\l__fontspec_emdef_int=\count190
\l__fontspec_strong_int=\count191
\l__fontspec_strongdef_int=\count192
\l__fontspec_tmpa_dim=\dimen137
\l__fontspec_tmpb_dim=\dimen138
\l__fontspec_tmpc_dim=\dimen139

(/Users/georgianaanderson/Library/TinyTeX/texmf-dist/tex/latex/base/fontenc.sty
Package: fontenc 2018/08/11 v2.0j Standard LaTeX package
(/Users/georgianaanderson/Library/TinyTeX/texmf-dist/tex/latex/base/tuenc.def
File: tuenc.def 2018/08/11 v2.0j Standard LaTeX file
LaTeX Font Info:    Redeclaring font encoding TU on input line 82.
))
(/Users/georgianaanderson/Library/TinyTeX/texmf-dist/tex/latex/fontspec/fontspe
c.cfg)
LaTeX Info: Redefining \itshape on input line 4044.
LaTeX Info: Redefining \slshape on input line 4049.
LaTeX Info: Redefining \scshape on input line 4054.
LaTeX Info: Redefining \upshape on input line 4059.
LaTeX Info: Redefining \em on input line 4089.
LaTeX Info: Redefining \emph on input line 4114.
))
(/Users/georgianaanderson/Library/TinyTeX/texmf-dist/tex/latex/realscripts/real
scripts.sty
Package: realscripts 2016/02/13 v0.3d Access OpenType subscripts and superscrip
ts
\subsupersep=\dimen140
)
(/Users/georgianaanderson/Library/TinyTeX/texmf-dist/tex/latex/metalogo/metalog
o.sty
Package: metalogo 2010/05/29 v0.12 Extended TeX logo macros

(/Users/georgianaanderson/Library/TinyTeX/texmf-dist/tex/latex/graphics/graphic
x.sty
Package: graphicx 2017/06/01 v1.1a Enhanced LaTeX Graphics (DPC,SPQR)

(/Users/georgianaanderson/Library/TinyTeX/texmf-dist/tex/latex/graphics/graphic
s.sty
Package: graphics 2017/06/25 v1.2c Standard LaTeX Graphics (DPC,SPQR)

(/Users/georgianaanderson/Library/TinyTeX/texmf-dist/tex/latex/graphics/trig.st
y
Package: trig 2016/01/03 v1.10 sin cos tan (DPC)
)
(/Users/georgianaanderson/Library/TinyTeX/texmf-dist/tex/latex/graphics-cfg/gra
phics.cfg
File: graphics.cfg 2016/06/04 v1.11 sample graphics configuration
)
Package graphics Info: Driver file: xetex.def on input line 99.

(/Users/georgianaanderson/Library/TinyTeX/texmf-dist/tex/latex/graphics-def/xet
ex.def
File: xetex.def 2017/06/24 v5.0h Graphics/color driver for xetex
))
\Gin@req@height=\dimen141
\Gin@req@width=\dimen142
)
\xl@everylogo=\toks16
\xl@@everylogo=\toks17
LaTeX Info: Redefining \TeX on input line 193.
LaTeX Info: Redefining \LaTeX on input line 202.
LaTeX Info: Redefining \LaTeXe on input line 219.
)
\l__xetex_show_hyphens_wrapping_box=\box45
\l__xetex_show_hyphens_temp_box=\box46
\l__xetex_show_hyphens_final_box=\box47
\g__xetex_show_hyphens_word_box=\box48
)
(/Users/georgianaanderson/Library/TinyTeX/texmf-dist/tex/latex/titlesec/titlese
c.sty
Package: titlesec 2016/03/21 v2.10.2 Sectioning titles
\ttl@box=\box49
\beforetitleunit=\skip52
\aftertitleunit=\skip53
\ttl@plus=\dimen143
\ttl@minus=\dimen144
\ttl@toksa=\toks18
\titlewidth=\dimen145
\titlewidthlast=\dimen146
\titlewidthfirst=\dimen147
)
(/Users/georgianaanderson/Library/TinyTeX/texmf-dist/tex/latex/titlesec/titleto
c.sty
Package: titletoc 2011/12/15 v1.6 TOC entries
\ttl@leftsep=\dimen148
)
(/Users/georgianaanderson/Library/TinyTeX/texmf-dist/tex/latex/hyperref/hyperre
f.sty
Package: hyperref 2018/11/30 v6.88e Hypertext links for LaTeX

(/Users/georgianaanderson/Library/TinyTeX/texmf-dist/tex/generic/oberdiek/hobsu
b-hyperref.sty
Package: hobsub-hyperref 2016/05/16 v1.14 Bundle oberdiek, subset hyperref (HO)


(/Users/georgianaanderson/Library/TinyTeX/texmf-dist/tex/generic/oberdiek/hobsu
b-generic.sty
Package: hobsub-generic 2016/05/16 v1.14 Bundle oberdiek, subset generic (HO)
Package: hobsub 2016/05/16 v1.14 Construct package bundles (HO)
Package hobsub Info: Skipping package `infwarerr' (already loaded).
Package hobsub Info: Skipping package `ltxcmds' (already loaded).
Package hobsub Info: Skipping package `ifluatex' (already loaded).
Package: ifvtex 2016/05/16 v1.6 Detect VTeX and its facilities (HO)
Package ifvtex Info: VTeX not detected.
Package: intcalc 2016/05/16 v1.2 Expandable calculations with integers (HO)
Package hobsub Info: Skipping package `ifpdf' (already loaded).
Package: etexcmds 2016/05/16 v1.6 Avoid name clashes with e-TeX commands (HO)
Package etexcmds Info: Could not find \expanded.
(etexcmds)             That can mean that you are not using pdfTeX 1.50 or
(etexcmds)             that some package has redefined \expanded.
(etexcmds)             In the latter case, load this package earlier.
Package: kvsetkeys 2016/05/16 v1.17 Key value parser (HO)
Package: kvdefinekeys 2016/05/16 v1.4 Define keys (HO)
Package hobsub Info: Skipping package `pdftexcmds' (already loaded).
Package: pdfescape 2016/05/16 v1.14 Implements pdfTeX's escape features (HO)
Package: bigintcalc 2016/05/16 v1.4 Expandable calculations on big integers (HO
)
Package: bitset 2016/05/16 v1.2 Handle bit-vector datatype (HO)
Package: uniquecounter 2016/05/16 v1.3 Provide unlimited unique counter (HO)
)
Package hobsub Info: Skipping package `hobsub' (already loaded).
Package: letltxmacro 2016/05/16 v1.5 Let assignment for LaTeX macros (HO)
Package: hopatch 2016/05/16 v1.3 Wrapper for package hooks (HO)
Package: xcolor-patch 2016/05/16 xcolor patch
Package: atveryend 2016/05/16 v1.9 Hooks at the very end of document (HO)
Package atveryend Info: \enddocument detected (standard20110627).
Package: atbegshi 2016/06/09 v1.18 At begin shipout hook (HO)
Package: refcount 2016/05/16 v3.5 Data extraction from label references (HO)
Package: hycolor 2016/05/16 v1.8 Color options for hyperref/bookmark (HO)
)
(/Users/georgianaanderson/Library/TinyTeX/texmf-dist/tex/latex/oberdiek/auxhook
.sty
Package: auxhook 2016/05/16 v1.4 Hooks for auxiliary files (HO)
)
(/Users/georgianaanderson/Library/TinyTeX/texmf-dist/tex/latex/oberdiek/kvoptio
ns.sty
Package: kvoptions 2016/05/16 v3.12 Key value format for package options (HO)
)
\@linkdim=\dimen149
\Hy@linkcounter=\count193
\Hy@pagecounter=\count194

(/Users/georgianaanderson/Library/TinyTeX/texmf-dist/tex/latex/hyperref/pd1enc.
def
File: pd1enc.def 2018/11/30 v6.88e Hyperref: PDFDocEncoding definition (HO)
)
\Hy@SavedSpaceFactor=\count195

(/Users/georgianaanderson/Library/TinyTeX/texmf-dist/tex/latex/latexconfig/hype
rref.cfg
File: hyperref.cfg 2002/06/06 v1.2 hyperref configuration of TeXLive
)
Package hyperref Info: Option `unicode' set `true' on input line 4393.

(/Users/georgianaanderson/Library/TinyTeX/texmf-dist/tex/latex/hyperref/puenc.d
ef
File: puenc.def 2018/11/30 v6.88e Hyperref: PDF Unicode definition (HO)
)
Package hyperref Info: Option `hyperfootnotes' set `false' on input line 4393.
Package hyperref Info: Hyper figures OFF on input line 4519.
Package hyperref Info: Link nesting OFF on input line 4524.
Package hyperref Info: Hyper index ON on input line 4527.
Package hyperref Info: Plain pages OFF on input line 4534.
Package hyperref Info: Backreferencing OFF on input line 4539.
Package hyperref Info: Implicit mode ON; LaTeX internals redefined.
Package hyperref Info: Bookmarks ON on input line 4772.
\c@Hy@tempcnt=\count196
(/Users/georgianaanderson/Library/TinyTeX/texmf-dist/tex/latex/url/url.sty
\Urlmuskip=\muskip16
Package: url 2013/09/16  ver 3.4  Verb mode for urls, etc.
)
LaTeX Info: Redefining \url on input line 5125.
\XeTeXLinkMargin=\dimen150
\Fld@menulength=\count197
\Field@Width=\dimen151
\Fld@charsize=\dimen152
Package hyperref Info: Hyper figures OFF on input line 6380.
Package hyperref Info: Link nesting OFF on input line 6385.
Package hyperref Info: Hyper index ON on input line 6388.
Package hyperref Info: backreferencing OFF on input line 6395.
Package hyperref Info: Link coloring OFF on input line 6400.
Package hyperref Info: Link coloring with OCG OFF on input line 6405.
Package hyperref Info: PDF/A mode OFF on input line 6410.
LaTeX Info: Redefining \ref on input line 6450.
LaTeX Info: Redefining \pageref on input line 6454.
\Hy@abspage=\count198
\c@Item=\count199
)
Package hyperref Info: Driver: hxetex.

(/Users/georgianaanderson/Library/TinyTeX/texmf-dist/tex/latex/hyperref/hxetex.
def
File: hxetex.def 2018/11/30 v6.88e Hyperref driver for XeTeX

(/Users/georgianaanderson/Library/TinyTeX/texmf-dist/tex/generic/oberdiek/strin
genc.sty
Package: stringenc 2016/05/16 v1.11 Convert strings between diff. encodings (HO
)
)
\pdfm@box=\box50
\c@Hy@AnnotLevel=\count266
\HyField@AnnotCount=\count267
\Fld@listcount=\count268
\c@bookmark@seq@number=\count269

(/Users/georgianaanderson/Library/TinyTeX/texmf-dist/tex/latex/oberdiek/rerunfi
lecheck.sty
Package: rerunfilecheck 2016/05/16 v1.8 Rerun checks for auxiliary files (HO)
Package uniquecounter Info: New unique counter `rerunfilecheck' on input line 2
82.
)
\Hy@SectionHShift=\skip54
) (/Users/georgianaanderson/Library/TinyTeX/texmf-dist/tex/latex/ms/ragged2e.st
y
Package: ragged2e 2009/05/21 v2.1 ragged2e Package (MS)
(/Users/georgianaanderson/Library/TinyTeX/texmf-dist/tex/latex/ms/everysel.sty
Package: everysel 2011/10/28 v1.2 EverySelectfont Package (MS)
)
\CenteringLeftskip=\skip55
\RaggedLeftLeftskip=\skip56
\RaggedRightLeftskip=\skip57
\CenteringRightskip=\skip58
\RaggedLeftRightskip=\skip59
\RaggedRightRightskip=\skip60
\CenteringParfillskip=\skip61
\RaggedLeftParfillskip=\skip62
\RaggedRightParfillskip=\skip63
\JustifyingParfillskip=\skip64
\CenteringParindent=\skip65
\RaggedLeftParindent=\skip66
\RaggedRightParindent=\skip67
\JustifyingParindent=\skip68
)
(/Users/georgianaanderson/Library/TinyTeX/texmf-dist/tex/latex/geometry/geometr
y.sty
Package: geometry 2018/04/16 v5.8 Page Geometry
\Gm@cnth=\count270
\Gm@cntv=\count271
\c@Gm@tempcnt=\count272
\Gm@bindingoffset=\dimen153
\Gm@wd@mp=\dimen154
\Gm@odd@mp=\dimen155
\Gm@even@mp=\dimen156
\Gm@layoutwidth=\dimen157
\Gm@layoutheight=\dimen158
\Gm@layouthoffset=\dimen159
\Gm@layoutvoffset=\dimen160
\Gm@dimlist=\toks19
)
(/Users/georgianaanderson/Library/TinyTeX/texmf-dist/tex/latex/changepage/chang
epage.sty
Package: changepage 2009/10/20 v1.0c check page and change page layout
\c@cp@cntr=\count273
\cp@tempcnt=\count274
)
\@tufte@overhang=\skip69
\@tufte@fullwidth=\skip70
\@tufte@caption@fill=\skip71

(/Users/georgianaanderson/Library/TinyTeX/texmf-dist/tex/latex/paralist/paralis
t.sty
Package: paralist 2017/01/22 v2.7 Extended list environments
\pltopsep=\skip72
\plpartopsep=\skip73
\plitemsep=\skip74
\plparsep=\skip75
\pl@lab=\toks20
)
(/Users/georgianaanderson/Library/TinyTeX/texmf-dist/tex/latex/textcase/textcas
e.sty
Package: textcase 2004/10/07 v0.07 Text only upper/lower case changing (DPC)
)

Class tufte-book Warning: Couldn't locate `soul' package


(/Users/georgianaanderson/Library/TinyTeX/texmf-dist/tex/latex/setspace/setspac
e.sty
Package: setspace 2011/12/19 v6.7a set line spacing
)
(/Users/georgianaanderson/Library/TinyTeX/texmf-dist/tex/latex/xcolor/xcolor.st
y
Package: xcolor 2016/05/11 v2.12 LaTeX color extensions (UK)

(/Users/georgianaanderson/Library/TinyTeX/texmf-dist/tex/latex/graphics-cfg/col
or.cfg
File: color.cfg 2016/01/02 v1.6 sample color configuration
)
Package xcolor Info: Package option `usenames' ignored on input line 216.
Package xcolor Info: Driver file: xetex.def on input line 225.
Package xcolor Info: Model `cmy' substituted by `cmy0' on input line 1348.
Package xcolor Info: Model `RGB' extended on input line 1364.
Package xcolor Info: Model `HTML' substituted by `rgb' on input line 1366.
Package xcolor Info: Model `Hsb' substituted by `hsb' on input line 1367.
Package xcolor Info: Model `tHsb' substituted by `hsb' on input line 1368.
Package xcolor Info: Model `HSB' substituted by `hsb' on input line 1369.
Package xcolor Info: Model `Gray' substituted by `gray' on input line 1370.
Package xcolor Info: Model `wave' substituted by `hsb' on input line 1371.

(/Users/georgianaanderson/Library/TinyTeX/texmf-dist/tex/latex/graphics/dvipsna
m.def
File: dvipsnam.def 2016/06/17 v3.0m Driver-dependent file (DPC,SPQR)
)
(/Users/georgianaanderson/Library/TinyTeX/texmf-dist/tex/latex/xcolor/svgnam.de
f
File: svgnam.def 2016/05/11 v2.12 Predefined colors according to SVG 1.1 (UK)
))
(/Users/georgianaanderson/Library/TinyTeX/texmf-dist/tex/latex/natbib/natbib.st
y
Package: natbib 2010/09/13 8.31b (PWD, AO)
\bibhang=\skip76
\bibsep=\skip77
LaTeX Info: Redefining \cite on input line 694.
\c@NAT@ctr=\count275
)
(/Users/georgianaanderson/Library/TinyTeX/texmf-dist/tex/latex/natbib/bibentry.
sty
Package: bibentry 2007/10/30 1.5 (PWD)
) (./navy_public_health.bbl)
\c@@tufte@num@bibkeys=\count276

(/Users/georgianaanderson/Library/TinyTeX/texmf-dist/tex/latex/sauerj/optparams
.sty
Package: optparams 2004/08/14 v0.9 multiple optional parameters in macros
)
\@tufte@sidenote@vertical@offset=\skip78

(/Users/georgianaanderson/Library/TinyTeX/texmf-dist/tex/latex/placeins/placein
s.sty
Package: placeins 2005/04/18  v 2.2
)
\@tufte@margin@floatbox=\box51
\@tufte@figure@box=\box52
\@tufte@caption@box=\box53
\@tufte@caption@vertical@offset=\skip79
\@tufte@float@contents@width=\skip80

(/Users/georgianaanderson/Library/TinyTeX/texmf-dist/tex/latex/fancyhdr/fancyhd
r.sty
Package: fancyhdr 2019/01/31 v3.10 Extensive control of page headers and footer
s
\f@nch@headwidth=\skip81
\f@nch@O@elh=\skip82
\f@nch@O@erh=\skip83
\f@nch@O@olh=\skip84
\f@nch@O@orh=\skip85
\f@nch@O@elf=\skip86
\f@nch@O@erf=\skip87
\f@nch@O@olf=\skip88
\f@nch@O@orf=\skip89
)
\tufteskipamount=\skip90

(/Users/georgianaanderson/Library/TinyTeX/texmf-dist/tex/latex/tools/multicol.s
ty
Package: multicol 2018/12/27 v1.8v multicolumn formatting (FMi)
\c@tracingmulticols=\count277
\mult@box=\box54
\multicol@leftmargin=\dimen161
\c@unbalance=\count278
\c@collectmore=\count279
\doublecol@number=\count280
\multicoltolerance=\count281
\multicolpretolerance=\count282
\full@width=\dimen162
\page@free=\dimen163
\premulticols=\dimen164
\postmulticols=\dimen165
\multicolsep=\skip91
\multicolbaselineskip=\skip92
\partial@page=\box55
\last@line=\box56
\maxbalancingoverflow=\dimen166
\mult@rightbox=\box57
\mult@grightbox=\box58
\mult@gfirstbox=\box59
\mult@firstbox=\box60
\@tempa=\box61
\@tempa=\box62
\@tempa=\box63
\@tempa=\box64
\@tempa=\box65
\@tempa=\box66
\@tempa=\box67
\@tempa=\box68
\@tempa=\box69
\@tempa=\box70
\@tempa=\box71
\@tempa=\box72
\@tempa=\box73
\@tempa=\box74
\@tempa=\box75
\@tempa=\box76
\@tempa=\box77
\c@columnbadness=\count283
\c@finalcolumnbadness=\count284
\last@try=\dimen167
\multicolovershoot=\dimen168
\multicolundershoot=\dimen169
\mult@nat@firstbox=\box78
\colbreak@box=\box79
\mc@col@check@num=\count285
)))
(/Users/georgianaanderson/Library/TinyTeX/texmf-dist/tex/latex/amsfonts/amssymb
.sty
Package: amssymb 2013/01/14 v3.01 AMS font symbols

(/Users/georgianaanderson/Library/TinyTeX/texmf-dist/tex/latex/amsfonts/amsfont
s.sty
Package: amsfonts 2013/01/14 v3.01 Basic AMSFonts support
\@emptytoks=\toks21
\symAMSa=\mathgroup4
\symAMSb=\mathgroup5
LaTeX Font Info:    Overwriting math alphabet `\mathfrak' in version `bold'
(Font)                  U/euf/m/n --> U/euf/b/n on input line 106.
))
(/Users/georgianaanderson/Library/TinyTeX/texmf-dist/tex/latex/amsmath/amsmath.
sty
Package: amsmath 2018/12/01 v2.17b AMS math features
\@mathmargin=\skip93
For additional information on amsmath, use the `?' option.

(/Users/georgianaanderson/Library/TinyTeX/texmf-dist/tex/latex/amsmath/amstext.
sty
Package: amstext 2000/06/29 v2.01 AMS text

(/Users/georgianaanderson/Library/TinyTeX/texmf-dist/tex/latex/amsmath/amsgen.s
ty
File: amsgen.sty 1999/11/30 v2.0 generic functions
\@emptytoks=\toks22
\ex@=\dimen170
))
(/Users/georgianaanderson/Library/TinyTeX/texmf-dist/tex/latex/amsmath/amsbsy.s
ty
Package: amsbsy 1999/11/29 v1.2d Bold Symbols
\pmbraise@=\dimen171
)
(/Users/georgianaanderson/Library/TinyTeX/texmf-dist/tex/latex/amsmath/amsopn.s
ty
Package: amsopn 2016/03/08 v2.02 operator names
)
\inf@bad=\count286
LaTeX Info: Redefining \frac on input line 223.
\uproot@=\count287
\leftroot@=\count288
LaTeX Info: Redefining \overline on input line 385.
\classnum@=\count289
\DOTSCASE@=\count290
LaTeX Info: Redefining \ldots on input line 482.
LaTeX Info: Redefining \dots on input line 485.
LaTeX Info: Redefining \cdots on input line 606.
\Mathstrutbox@=\box80
\strutbox@=\box81
\big@size=\dimen172
LaTeX Font Info:    Redeclaring font encoding OML on input line 729.
LaTeX Font Info:    Redeclaring font encoding OMS on input line 730.
\macc@depth=\count291
\c@MaxMatrixCols=\count292
\dotsspace@=\muskip17
\c@parentequation=\count293
\dspbrk@lvl=\count294
\tag@help=\toks23
\row@=\count295
\column@=\count296
\maxfields@=\count297
\andhelp@=\toks24
\eqnshift@=\dimen173
\alignsep@=\dimen174
\tagshift@=\dimen175
\tagwidth@=\dimen176
\totwidth@=\dimen177
\lineht@=\dimen178
\@envbody=\toks25
\multlinegap=\skip94
\multlinetaggap=\skip95
\mathdisplay@stack=\toks26
LaTeX Info: Redefining \[ on input line 2844.
LaTeX Info: Redefining \] on input line 2845.
)
(/Users/georgianaanderson/Library/TinyTeX/texmf-dist/tex/latex/base/fixltx2e.st
y
Package: fixltx2e 2016/12/29 v2.1a fixes to LaTeX (obsolete)
Applying: [2015/01/01] Old fixltx2e package on input line 46.

Package fixltx2e Warning: fixltx2e is not required with releases after 2015
(fixltx2e)                All fixes are now in the LaTeX kernel.
(fixltx2e)                See the latexrelease package for details.

Already applied: [0000/00/00] Old fixltx2e package on input line 53.
)
(/Users/georgianaanderson/Library/TinyTeX/texmf-dist/tex/latex/booktabs/booktab
s.sty
Package: booktabs 2016/04/27 v1.618033 publication quality tables
\heavyrulewidth=\dimen179
\lightrulewidth=\dimen180
\cmidrulewidth=\dimen181
\belowrulesep=\dimen182
\belowbottomsep=\dimen183
\aboverulesep=\dimen184
\abovetopsep=\dimen185
\cmidrulesep=\dimen186
\cmidrulekern=\dimen187
\defaultaddspace=\dimen188
\@cmidla=\count298
\@cmidlb=\count299
\@aboverulesep=\dimen189
\@belowrulesep=\dimen190
\@thisruleclass=\count300
\@lastruleclass=\count301
\@thisrulewidth=\dimen191
) (/Users/georgianaanderson/Library/TinyTeX/texmf-dist/tex/latex/units/units.st
y
Package: units 1998/08/04 v0.9b Typesetting units

(/Users/georgianaanderson/Library/TinyTeX/texmf-dist/tex/latex/units/nicefrac.s
ty
Package: nicefrac 1998/08/04 v0.9b Nice fractions
\L@UnitsRaiseDisplaystyle=\skip96
\L@UnitsRaiseTextstyle=\skip97
\L@UnitsRaiseScriptstyle=\skip98
))
(/Users/georgianaanderson/Library/TinyTeX/texmf-dist/tex/latex/fancyvrb/fancyvr
b.sty
Package: fancyvrb 2019/01/15
Style option: `fancyvrb' v3.2a <2019/01/15> (tvz)
\FV@CodeLineNo=\count302
\FV@InFile=\read2
\FV@TabBox=\box82
\c@FancyVerbLine=\count303
\FV@StepNumber=\count304
\FV@OutFile=\write3
)
(/Users/georgianaanderson/Library/TinyTeX/texmf-dist/tex/latex/tools/longtable.
sty
Package: longtable 2014/10/28 v4.11 Multi-page Table package (DPC)+ FMi change
\LTleft=\skip99
\LTright=\skip100
\LTpre=\skip101
\LTpost=\skip102
\LTchunksize=\count305
\LTcapwidth=\dimen192
\LT@head=\box83
\LT@firsthead=\box84
\LT@foot=\box85
\LT@lastfoot=\box86
\LT@cols=\count306
\LT@rows=\count307
\c@LT@tables=\count308
\c@LT@chunks=\count309
\LT@p@ftn=\toks27
) (/Users/georgianaanderson/Library/TinyTeX/texmf-dist/tex/generic/ulem/ulem.st
y
\UL@box=\box87
\UL@hyphenbox=\box88
\UL@skip=\skip103
\UL@hook=\toks28
\UL@height=\dimen193
\UL@pe=\count310
\UL@pixel=\dimen194
\ULC@box=\box89
Package: ulem 2012/05/18
\ULdepth=\dimen195
)
(/Users/georgianaanderson/Library/TinyTeX/texmf-dist/tex/latex/morefloats/moref
loats.sty
Package: morefloats 2015/07/22 v1.0h Raise limit of unprocessed floats (HMM)
Package morefloats Info: Maximum number of possible floats asked for: 36
(morefloats)             (i.e. 18 more floats).
(morefloats)             LaTeX might run out of memory before this
(morefloats)             (in which case it will notify you).
)
(/Users/georgianaanderson/Library/TinyTeX/texmf-dist/tex/latex/amscls/amsthm.st
y
Package: amsthm 2017/10/31 v2.20.4
\thm@style=\toks29
\thm@bodyfont=\toks30
\thm@headfont=\toks31
\thm@notefont=\toks32
\thm@headpunct=\toks33
\thm@preskip=\skip104
\thm@postskip=\skip105
\thm@headsep=\skip106
\dth@everypar=\toks34
)

Package fontspec Info: Gill Sans scale = 0.9584011943539631.


Package fontspec Info: Gill Sans scale = 0.9584011943539631.


Package fontspec Info: Gill Sans/B scale = 0.8594814995131451.


Package fontspec Info: Gill Sans/I scale = 0.9450615631691649.


Package fontspec Info: Gill Sans/BI scale = 0.8594814995131451.


Package fontspec Info: Font family 'GillSans(0)' created for font 'Gill Sans'
(fontspec)             with options
(fontspec)             [Ligatures=TeX,Scale=MatchLowercase,Ligatures=TeX].
(fontspec)              
(fontspec)              This font family consists of the following NFSS
(fontspec)             series/shapes:
(fontspec)              
(fontspec)             - 'normal' (m/n) with NFSS spec.:
(fontspec)             <->s*[0.9584011943539631]"Gill
(fontspec)             Sans/OT:mapping=tex-text;"
(fontspec)             - 'small caps'  (m/sc) with NFSS spec.: 
(fontspec)             - 'bold' (bx/n) with NFSS spec.:
(fontspec)             <->s*[0.8594814995131451]"Gill
(fontspec)             Sans/B/OT:mapping=tex-text;"
(fontspec)             - 'bold small caps'  (bx/sc) with NFSS spec.: 
(fontspec)             - 'italic' (m/it) with NFSS spec.:
(fontspec)             <->s*[0.9450615631691649]"Gill
(fontspec)             Sans/I/OT:mapping=tex-text;"
(fontspec)             - 'italic small caps'  (m/itsc) with NFSS spec.: 
(fontspec)             - 'bold italic' (bx/it) with NFSS spec.:
(fontspec)             <->s*[0.8594814995131451]"Gill
(fontspec)             Sans/BI/OT:mapping=tex-text;"
(fontspec)             - 'bold italic small caps'  (bx/itsc) with NFSS spec.: 

LaTeX Info: Redefining \rmfamily on input line 114.
LaTeX Font Info:    Font shape `TU/GillSans(0)/m/n' will be
(Font)              scaled to size 9.58405pt on input line 114.
(./navy_public_health.aux)
\openout1 = `navy_public_health.aux'.

LaTeX Font Info:    Checking defaults for OML/cmm/m/it on input line 121.
LaTeX Font Info:    ... okay on input line 121.
LaTeX Font Info:    Checking defaults for T1/cmr/m/n on input line 121.
LaTeX Font Info:    ... okay on input line 121.
LaTeX Font Info:    Checking defaults for OT1/cmr/m/n on input line 121.
LaTeX Font Info:    ... okay on input line 121.
LaTeX Font Info:    Checking defaults for OMS/cmsy/m/n on input line 121.
LaTeX Font Info:    ... okay on input line 121.
LaTeX Font Info:    Checking defaults for TU/lmr/m/n on input line 121.
LaTeX Font Info:    ... okay on input line 121.
LaTeX Font Info:    Checking defaults for OMX/cmex/m/n on input line 121.
LaTeX Font Info:    ... okay on input line 121.
LaTeX Font Info:    Checking defaults for U/cmr/m/n on input line 121.
LaTeX Font Info:    ... okay on input line 121.
LaTeX Font Info:    Checking defaults for PD1/pdf/m/n on input line 121.
LaTeX Font Info:    ... okay on input line 121.
LaTeX Font Info:    Checking defaults for PU/pdf/m/n on input line 121.
LaTeX Font Info:    ... okay on input line 121.

Package fontspec Info: Adjusting the maths setup (use [no-math] to avoid
(fontspec)             this).

\symlegacymaths=\mathgroup6
LaTeX Font Info:    Overwriting symbol font `legacymaths' in version `bold'
(Font)                  OT1/cmr/m/n --> OT1/cmr/bx/n on input line 121.
LaTeX Font Info:    Redeclaring math accent \acute on input line 121.
LaTeX Font Info:    Redeclaring math accent \grave on input line 121.
LaTeX Font Info:    Redeclaring math accent \ddot on input line 121.
LaTeX Font Info:    Redeclaring math accent \tilde on input line 121.
LaTeX Font Info:    Redeclaring math accent \bar on input line 121.
LaTeX Font Info:    Redeclaring math accent \breve on input line 121.
LaTeX Font Info:    Redeclaring math accent \check on input line 121.
LaTeX Font Info:    Redeclaring math accent \hat on input line 121.
LaTeX Font Info:    Redeclaring math accent \dot on input line 121.
LaTeX Font Info:    Redeclaring math accent \mathring on input line 121.
LaTeX Font Info:    Redeclaring math symbol \Gamma on input line 121.
LaTeX Font Info:    Redeclaring math symbol \Delta on input line 121.
LaTeX Font Info:    Redeclaring math symbol \Theta on input line 121.
LaTeX Font Info:    Redeclaring math symbol \Lambda on input line 121.
LaTeX Font Info:    Redeclaring math symbol \Xi on input line 121.
LaTeX Font Info:    Redeclaring math symbol \Pi on input line 121.
LaTeX Font Info:    Redeclaring math symbol \Sigma on input line 121.
LaTeX Font Info:    Redeclaring math symbol \Upsilon on input line 121.
LaTeX Font Info:    Redeclaring math symbol \Phi on input line 121.
LaTeX Font Info:    Redeclaring math symbol \Psi on input line 121.
LaTeX Font Info:    Redeclaring math symbol \Omega on input line 121.
LaTeX Font Info:    Redeclaring math symbol \mathdollar on input line 121.
LaTeX Font Info:    Redeclaring symbol font `operators' on input line 121.
LaTeX Font Info:    Encoding `OT1' has changed to `TU' for symbol font
(Font)              `operators' in the math version `normal' on input line 121.

LaTeX Font Info:    Overwriting symbol font `operators' in version `normal'
(Font)                  OT1/cmr/m/n --> TU/GillSans(0)/m/n on input line 121.
LaTeX Font Info:    Encoding `OT1' has changed to `TU' for symbol font
(Font)              `operators' in the math version `bold' on input line 121.
LaTeX Font Info:    Overwriting symbol font `operators' in version `bold'
(Font)                  OT1/cmr/bx/n --> TU/GillSans(0)/m/n on input line 121.
LaTeX Font Info:    Overwriting symbol font `operators' in version `normal'
(Font)                  TU/GillSans(0)/m/n --> TU/GillSans(0)/m/n on input line
 121.
LaTeX Font Info:    Overwriting math alphabet `\mathit' in version `normal'
(Font)                  OT1/cmr/m/it --> TU/GillSans(0)/m/it on input line 121.

LaTeX Font Info:    Overwriting math alphabet `\mathbf' in version `normal'
(Font)                  OT1/cmr/bx/n --> TU/GillSans(0)/bx/n on input line 121.

LaTeX Font Info:    Overwriting math alphabet `\mathsf' in version `normal'
(Font)                  OT1/cmss/m/n --> TU/lmss/m/n on input line 121.
LaTeX Font Info:    Overwriting math alphabet `\mathtt' in version `normal'
(Font)                  OT1/cmtt/m/n --> TU/lmtt/m/n on input line 121.
LaTeX Font Info:    Overwriting symbol font `operators' in version `bold'
(Font)                  TU/GillSans(0)/m/n --> TU/GillSans(0)/bx/n on input lin
e 121.
LaTeX Font Info:    Overwriting math alphabet `\mathit' in version `bold'
(Font)                  OT1/cmr/bx/it --> TU/GillSans(0)/bx/it on input line 12
1.
LaTeX Font Info:    Overwriting math alphabet `\mathsf' in version `bold'
(Font)                  OT1/cmss/bx/n --> TU/lmss/bx/n on input line 121.
LaTeX Font Info:    Overwriting math alphabet `\mathtt' in version `bold'
(Font)                  OT1/cmtt/m/n --> TU/lmtt/bx/n on input line 121.
\AtBeginShipoutBox=\box90
Package hyperref Info: Link coloring OFF on input line 121.

(/Users/georgianaanderson/Library/TinyTeX/texmf-dist/tex/latex/hyperref/nameref
.sty
Package: nameref 2016/05/21 v2.44 Cross-referencing by name of section

(/Users/georgianaanderson/Library/TinyTeX/texmf-dist/tex/generic/oberdiek/getti
tlestring.sty
Package: gettitlestring 2016/05/16 v1.5 Cleanup title references (HO)
)
\c@section@level=\count311
)
LaTeX Info: Redefining \ref on input line 121.
LaTeX Info: Redefining \pageref on input line 121.
LaTeX Info: Redefining \nameref on input line 121.
(./navy_public_health.out) (./navy_public_health.out)
\@outlinefile=\write4
\openout4 = `navy_public_health.out'.

ABD: EverySelectfont initializing macros
LaTeX Info: Redefining \selectfont on input line 121.
*geometry* driver: auto-detecting
*geometry* detected driver: xetex
*geometry* verbose mode - [ preamble ] result:
* driver: xetex
* paper: letterpaper
* layout: <same size as paper>
* layoutoffset:(h,v)=(0.0pt,0.0pt)
* modes: twoside asymmetric 
* h-part:(L,W,R)=(72.26999pt, 312.0pt, 230.02501pt)
* v-part:(T,H,B)=(72.26999pt, 616.0pt, 106.7pt)
* \paperwidth=614.295pt
* \paperheight=794.96999pt
* \textwidth=312.0pt
* \textheight=616.0pt
* \oddsidemargin=0.0pt
* \evensidemargin=0.0pt
* \topmargin=-42.0pt
* \headheight=14.0pt
* \headsep=28.0pt
* \topskip=10.0pt
* \footskip=25.29494pt
* \marginparwidth=144.0pt
* \marginparsep=24.0pt
* \columnsep=10.0pt
* \skip\footins=9.0pt plus 4.0pt minus 2.0pt
* \hoffset=0.0pt
* \voffset=0.0pt
* \mag=1000
* \@twocolumnfalse
* \@twosidetrue
* \@mparswitchfalse
* \@reversemarginfalse
* (1in=72.27pt=25.4mm, 1cm=28.453pt)

\langwohyphens=\language3

Class tufte-book Warning: Proper spacing of ALL-CAPS letters has not been set u
p.
This message occurred on input line 123.


Class tufte-book Warning: Proper spacing of ALL-CAPS letters has not been set u
p.
This message occurred on input line 123.


Class tufte-book Warning: Proper spacing of ALL-CAPS letters has not been set u
p.
This message occurred on input line 123.

[1


] [2


]
LaTeX Font Info:    Font shape `TU/GillSans(0)/m/n' will be
(Font)              scaled to size 19.8773pt on input line 129.
LaTeX Font Info:    Font shape `TU/GillSans(0)/m/it' will be
(Font)              scaled to size 19.60071pt on input line 129.
(./navy_public_health.toc
LaTeX Font Info:    Font shape `TU/GillSans(0)/m/n' will be
(Font)              scaled to size 13.80101pt on input line 1.
LaTeX Font Info:    Font shape `TU/GillSans(0)/m/it' will be
(Font)              scaled to size 13.60898pt on input line 1.
LaTeX Font Info:    Font shape `TU/GillSans(0)/m/n' will be
(Font)              scaled to size 11.50085pt on input line 3.
LaTeX Font Info:    Font shape `TU/GillSans(0)/m/it' will be
(Font)              scaled to size 11.34082pt on input line 3.
[3])
\tf@toc=\write5
\openout5 = `navy_public_health.toc'.


Class tufte-book Warning: Proper spacing of small-caps letters has not been set
 up.
This message occurred on input line 133.

[4]
Chapter 1.
LaTeX Font Info:    Font shape `TU/GillSans(0)/m/it' will be
(Font)              scaled to size 9.45068pt on input line 133.

LaTeX Font Warning: Font shape `TU/GillSans(0)/m/sc' undefined
(Font)              using `TU/GillSans(0)/m/n' instead on input line 135.

LaTeX Font Info:    Font shape `TU/GillSans(0)/bx/n' will be
(Font)              scaled to size 8.59482pt on input line 158.
LaTeX Font Info:    Font shape `TU/GillSans(0)/m/n' will be
(Font)              scaled to size 6.70883pt on input line 169.
LaTeX Font Info:    Font shape `TU/GillSans(0)/m/n' will be
(Font)              scaled to size 4.79202pt on input line 169.
LaTeX Font Info:    Try loading font information for U+msa on input line 169.

(/Users/georgianaanderson/Library/TinyTeX/texmf-dist/tex/latex/amsfonts/umsa.fd
File: umsa.fd 2013/01/14 v3.01 AMS symbols A
)
LaTeX Font Info:    Try loading font information for U+msb on input line 169.

(/Users/georgianaanderson/Library/TinyTeX/texmf-dist/tex/latex/amsfonts/umsb.fd
File: umsb.fd 2013/01/14 v3.01 AMS symbols B
)
LaTeX Font Info:    Font shape `TU/GillSans(0)/m/n' will be
(Font)              scaled to size 7.66724pt on input line 173.
LaTeX Font Info:    Font shape `TU/GillSans(0)/m/n' will be
(Font)              scaled to size 5.75043pt on input line 173.

LaTeX Warning: Marginpar on page 5 moved.


LaTeX Warning: Marginpar on page 5 moved.


LaTeX Warning: Marginpar on page 5 moved.

LaTeX Font Info:    Font shape `TU/GillSans(0)/bx/n' will be
(Font)              scaled to size 6.87585pt on input line 193.

LaTeX Warning: Marginpar on page 5 moved.


LaTeX Warning: Marginpar on page 5 moved.

[5

]
LaTeX Font Info:    Font shape `TU/lmtt/bx/n' in size <10> not available
(Font)              Font shape `TU/lmtt/b/n' tried instead on input line 224.

LaTeX Warning: Marginpar on page 6 moved.

File: images/example_repo.png Graphic file (type bmp)
<images/example_repo.png>

Overfull \hbox (662.51341pt too wide) in paragraph at lines 259--260
[][]
 []


Underfull \hbox (badness 10000) in paragraph at lines 259--260

 []


LaTeX Warning: Float too large for page by 20.02092pt on input line 260.


Class tufte-book Warning: Proper spacing of small-caps letters has not been set
 up.
This message occurred on input line 263.

[6]

Class tufte-book Warning: Proper spacing of small-caps letters has not been set
 up.
This message occurred on input line 263.

[7] [8

]
Chapter 2.
LaTeX Font Info:    Font shape `TU/GillSans(0)/m/sc' will be
(Font)              scaled to size 9.58405pt on input line 265.
LaTeX Font Info:    Font shape `TU/GillSans(0)/m/n' will be
(Font)              scaled to size 10.49452pt on input line 280.
LaTeX Font Info:    Font shape `TU/GillSans(0)/m/it' will be
(Font)              scaled to size 10.3485pt on input line 280.

LaTeX Warning: Marginpar on page 9 moved.

[9]
File: navy_public_health_files/figure-latex/plotelements-1.pdf Graphic file (ty
pe pdf)
<use navy_public_health_files/figure-latex/plotelements-1.pdf>

Underfull \hbox (badness 10000) in paragraph at lines 380--381

 []


LaTeX Warning: Marginpar on page 10 moved.


Class tufte-book Warning: Proper spacing of small-caps letters has not been set
 up.
This message occurred on input line 405.

[10]

LaTeX Warning: Marginpar on page 11 moved.


Underfull \vbox (badness 10000) has occurred while \output is active []


Class tufte-book Warning: Proper spacing of small-caps letters has not been set
 up.
This message occurred on input line 441.

[11]
File: navy_public_health_files/figure-latex/plotelements2-1.pdf Graphic file (t
ype pdf)
<use navy_public_health_files/figure-latex/plotelements2-1.pdf>

Underfull \hbox (badness 10000) in paragraph at lines 443--444

 []


Class tufte-book Warning: Proper spacing of small-caps letters has not been set
 up.
This message occurred on input line 473.

[12]

LaTeX Warning: Marginpar on page 13 moved.


Overfull \hbox (3.0pt too wide) in paragraph at lines 520--520
[]\TU/lmtt/m/n/10 Error in library(readr) : there is no package called ‘readr’[
] 
 []


LaTeX Warning: Marginpar on page 13 moved.

LaTeX Font Info:    Font shape `TU/GillSans(0)/m/it' will be
(Font)              scaled to size 7.56055pt on input line 543.

LaTeX Warning: Marginpar on page 13 moved.


LaTeX Warning: Marginpar on page 13 moved.


LaTeX Warning: Marginpar on page 13 moved.


LaTeX Warning: Marginpar on page 13 moved.


Class tufte-book Warning: Proper spacing of small-caps letters has not been set
 up.
This message occurred on input line 560.

[13]

LaTeX Warning: Marginpar on page 14 moved.


LaTeX Warning: Marginpar on page 14 moved.


Class tufte-book Warning: Proper spacing of small-caps letters has not been set
 up.
This message occurred on input line 622.

[14]
File: navy_public_health_files/figure-latex/step1-1.pdf Graphic file (type pdf)

<use navy_public_health_files/figure-latex/step1-1.pdf>

Underfull \hbox (badness 10000) in paragraph at lines 646--647

 []

File: navy_public_health_files/figure-latex/step2-1.pdf Graphic file (type pdf)

<use navy_public_health_files/figure-latex/step2-1.pdf>

Underfull \hbox (badness 10000) in paragraph at lines 664--665

 []


Class tufte-book Warning: Proper spacing of small-caps letters has not been set
 up.
This message occurred on input line 674.

[15]
File: navy_public_health_files/figure-latex/step3-1.pdf Graphic file (type pdf)

<use navy_public_health_files/figure-latex/step3-1.pdf>

Underfull \hbox (badness 10000) in paragraph at lines 684--685

 []


Class tufte-book Warning: Proper spacing of small-caps letters has not been set
 up.
This message occurred on input line 696.

[16]

LaTeX Warning: Marginpar on page 17 moved.


LaTeX Warning: Marginpar on page 17 moved.

File: navy_public_health_files/figure-latex/step4-1.pdf Graphic file (type pdf)

<use navy_public_health_files/figure-latex/step4-1.pdf>

Underfull \hbox (badness 10000) in paragraph at lines 720--721

 []


Class tufte-book Warning: Proper spacing of small-caps letters has not been set
 up.
This message occurred on input line 741.

[17]
Overfull \hbox (44.38985pt too wide) in paragraph at lines 742--747
[]\TU/GillSans(0)/m/sc/10 To change the color scale to use this scale, add a la
yer with \TU/lmtt/m/n/10 scale_color_viridis_d\TU/GillSans(0)/m/sc/10 . 
 []

File: navy_public_health_files/figure-latex/step5-1.pdf Graphic file (type pdf)

<use navy_public_health_files/figure-latex/step5-1.pdf>

Underfull \hbox (badness 10000) in paragraph at lines 758--759

 []


Class tufte-book Warning: Proper spacing of small-caps letters has not been set
 up.
This message occurred on input line 779.

[18]
File: navy_public_health_files/figure-latex/step6-1.pdf Graphic file (type pdf)

<use navy_public_health_files/figure-latex/step6-1.pdf>

Underfull \hbox (badness 10000) in paragraph at lines 787--788

 []


LaTeX Warning: Marginpar on page 19 moved.

File: navy_public_health_files/figure-latex/step7-1.pdf Graphic file (type pdf)

<use navy_public_health_files/figure-latex/step7-1.pdf>

Underfull \hbox (badness 10000) in paragraph at lines 818--819

 []


Class tufte-book Warning: Proper spacing of small-caps letters has not been set
 up.
This message occurred on input line 836.

[19]

LaTeX Warning: Marginpar on page 20 moved.


Class tufte-book Warning: Proper spacing of small-caps letters has not been set
 up.
This message occurred on input line 865.

[20]
File: navy_public_health_files/figure-latex/step8-1.pdf Graphic file (type pdf)

<use navy_public_health_files/figure-latex/step8-1.pdf>

Underfull \hbox (badness 10000) in paragraph at lines 886--887

 []

File: navy_public_health_files/figure-latex/step1a-1.pdf Graphic file (type pdf
)
<use navy_public_health_files/figure-latex/step1a-1.pdf>

Underfull \hbox (badness 10000) in paragraph at lines 901--902

 []


Overfull \hbox (14.00134pt too wide) in paragraph at lines 904--906
[]\TU/GillSans(0)/m/sc/10 To change to the \TU/lmtt/m/n/10 theme_classic\TU/Gil
lSans(0)/m/sc/10 , all you need to do is add a \TU/lmtt/m/n/10 theme_classic 
 []

File: navy_public_health_files/figure-latex/step2a-1.pdf Graphic file (type pdf
)
<use navy_public_health_files/figure-latex/step2a-1.pdf>

Overfull \hbox (65.68753pt too wide) in paragraph at lines 907--910
[]\TU/GillSans(0)/m/sc/10 \begin{figure} [] 
 []


Class tufte-book Warning: Proper spacing of small-caps letters has not been set
 up.
This message occurred on input line 910.

[21]

Class tufte-book Warning: Proper spacing of small-caps letters has not been set
 up.
This message occurred on input line 910.

[22]

LaTeX Warning: Marginpar on page 23 moved.

File: navy_public_health_files/figure-latex/step3a-1.pdf Graphic file (type pdf
)
<use navy_public_health_files/figure-latex/step3a-1.pdf>

Underfull \hbox (badness 10000) in paragraph at lines 933--934

 []


Class tufte-book Warning: Proper spacing of small-caps letters has not been set
 up.
This message occurred on input line 952.

[23]

Class tufte-book Warning: Proper spacing of small-caps letters has not been set
 up.
This message occurred on input line 952.

[24]
File: navy_public_health_files/figure-latex/step4a-1.pdf Graphic file (type pdf
)
<use navy_public_health_files/figure-latex/step4a-1.pdf>

Overfull \hbox (65.6763pt too wide) in paragraph at lines 975--978
[]\TU/GillSans(0)/m/sc/10 \begin{figure} [] 
 []


Underfull \vbox (badness 10000) has occurred while \output is active []


Class tufte-book Warning: Proper spacing of small-caps letters has not been set
 up.
This message occurred on input line 978.

[25]

Class tufte-book Warning: Proper spacing of small-caps letters has not been set
 up.
This message occurred on input line 993.

[26]
File: navy_public_health_files/figure-latex/unnamed-chunk-10-1.pdf Graphic file
 (type pdf)
<use navy_public_health_files/figure-latex/unnamed-chunk-10-1.pdf>

Overfull \hbox (12.01004pt too wide) in paragraph at lines 1004--1005
[][]  
 []


Class tufte-book Warning: Proper spacing of small-caps letters has not been set
 up.
This message occurred on input line 1052.

[27]

LaTeX Warning: Marginpar on page 28 moved.


Class tufte-book Warning: Proper spacing of small-caps letters has not been set
 up.
This message occurred on input line 1054.

[28]
Chapter 3.

LaTeX Warning: Marginpar on page 29 moved.


LaTeX Warning: Marginpar on page 29 moved.

[29

]

LaTeX Warning: Marginpar on page 30 moved.


LaTeX Warning: Marginpar on page 30 moved.


LaTeX Warning: Marginpar on page 30 moved.


Overfull \hbox (97.5pt too wide) in paragraph at lines 1178--1178
[]\TU/lmtt/m/n/10 ## bbox:           xmin: -87.3797 ymin: 25.6876 xmax: -80.323
32 ymax: 30.65894[] 
 []


Class tufte-book Warning: Proper spacing of small-caps letters has not been set
 up.
This message occurred on input line 1178.

[30]

LaTeX Warning: Marginpar on page 31 moved.


Class tufte-book Warning: Proper spacing of small-caps letters has not been set
 up.
This message occurred on input line 1227.

[31]
Overfull \hbox (4.61742pt too wide) in paragraph at lines 1234--1237
[]\TU/GillSans(0)/m/sc/10 You can read in any of these layers into R as an \TU/
lmtt/m/n/10 sf \TU/GillSans(0)/m/sc/10 object using \TU/lmtt/m/n/10 irma_tracks
 
 []


Overfull \hbox (585.75pt too wide) in paragraph at lines 1253--1253
[]\TU/lmtt/m/n/10 ## Reading layer `al112017_lin' from data source `/Users/geor
gianaanderson/Documents/r_workshops/navy_public_health/data/al112017_best_track
' using driver `ESRI Shapefile'[] 
 []


Overfull \hbox (24.0pt too wide) in paragraph at lines 1253--1253
[]\TU/lmtt/m/n/10 ## bbox:           xmin: -90.1 ymin: 16.1 xmax: -26.9 ymax: 3
6.8[] 
 []


Overfull \hbox (18.75pt too wide) in paragraph at lines 1253--1253
[]\TU/lmtt/m/n/10 ## proj4string:    +proj=longlat +a=6371200 +b=6371200 +no_de
fs[] 
 []


Overfull \hbox (24.0pt too wide) in paragraph at lines 1295--1295
[]\TU/lmtt/m/n/10 ## bbox:           xmin: -90.1 ymin: 16.1 xmax: -26.9 ymax: 3
6.8[] 
 []


Class tufte-book Warning: Proper spacing of small-caps letters has not been set
 up.
This message occurred on input line 1295.

[32]

LaTeX Warning: Marginpar on page 33 moved.

File: navy_public_health_files/figure-latex/unnamed-chunk-21-1.pdf Graphic file
 (type pdf)
<use navy_public_health_files/figure-latex/unnamed-chunk-21-1.pdf>

Overfull \hbox (12.0442pt too wide) in paragraph at lines 1336--1337
[][]  
 []


Class tufte-book Warning: Proper spacing of small-caps letters has not been set
 up.
This message occurred on input line 1338.

[33]
File: navy_public_health_files/figure-latex/unnamed-chunk-22-1.pdf Graphic file
 (type pdf)
<use navy_public_health_files/figure-latex/unnamed-chunk-22-1.pdf>

Overfull \hbox (12.03123pt too wide) in paragraph at lines 1355--1356
[][]  
 []


Underfull \vbox (badness 10000) has occurred while \output is active []


Class tufte-book Warning: Proper spacing of small-caps letters has not been set
 up.
This message occurred on input line 1357.

[34]
File: navy_public_health_files/figure-latex/unnamed-chunk-23-1.pdf Graphic file
 (type pdf)
<use navy_public_health_files/figure-latex/unnamed-chunk-23-1.pdf>

Class tufte-book Warning: Proper spacing of small-caps letters has not been set
 up.
This message occurred on input line 1397.

[35]

Class tufte-book Warning: Proper spacing of small-caps letters has not been set
 up.
This message occurred on input line 1397.

[36]
Chapter 4.

LaTeX Warning: Marginpar on page 37 moved.

[37

]
File: navy_public_health_files/figure-latex/dt_example-1.pdf Graphic file (type
 pdf)
<use navy_public_health_files/figure-latex/dt_example-1.pdf>

Overfull \hbox (11.9917pt too wide) in paragraph at lines 1459--1460
[][]  
 []


Overfull \hbox (2.8146pt too wide) in paragraph at lines 1461--1464
[]\TU/GillSans(0)/m/sc/10 In your R Studio session, the interactive table shoul
d show up in the “Viewer” 
 []

File: navy_public_health_files/figure-latex/unnamed-chunk-25-1.pdf Graphic file
 (type pdf)
<use navy_public_health_files/figure-latex/unnamed-chunk-25-1.pdf>

Overfull \hbox (11.99861pt too wide) in paragraph at lines 1479--1480
[][]  
 []


Package hyperref Warning: Suppressing link with empty target on input line 1481
.


Overfull \hbox (7.39967pt too wide) in paragraph at lines 1481--1482
[]\TU/GillSans(0)/m/sc/10 To get more details on all the options available, see
 the helpfile for \TU/lmtt/m/n/10 datatable 
 []


Class tufte-book Warning: Proper spacing of small-caps letters has not been set
 up.
This message occurred on input line 1482.

[38]
Overfull \hbox (5.07346pt too wide) in paragraph at lines 1491--1497
\TU/GillSans(0)/m/sc/10 from the “Plot” section.[] First, save the plot to an o
bject called \TU/lmtt/m/n/10 fatality_plot 
 []


LaTeX Warning: Marginpar on page 39 moved.

File: navy_public_health_files/figure-latex/plotly1-1.pdf Graphic file (type pd
f)
<use navy_public_health_files/figure-latex/plotly1-1.pdf>

Underfull \hbox (badness 10000) in paragraph at lines 1521--1522

 []


Class tufte-book Warning: Proper spacing of small-caps letters has not been set
 up.
This message occurred on input line 1532.

[39]
File: navy_public_health_files/figure-latex/plotly2-1.pdf Graphic file (type pd
f)
<use navy_public_health_files/figure-latex/plotly2-1.pdf>

Underfull \hbox (badness 10000) in paragraph at lines 1536--1537

 []


LaTeX Warning: Marginpar on page 40 moved.


Class tufte-book Warning: Proper spacing of small-caps letters has not been set
 up.
This message occurred on input line 1578.

[40]
File: navy_public_health_files/figure-latex/unnamed-chunk-28-1.pdf Graphic file
 (type pdf)
<use navy_public_health_files/figure-latex/unnamed-chunk-28-1.pdf>

Overfull \hbox (12.02463pt too wide) in paragraph at lines 1586--1587
[][]  
 []


Overfull \hbox (585.75pt too wide) in paragraph at lines 1611--1611
[]\TU/lmtt/m/n/10 ## Reading layer `al112017_lin' from data source `/Users/geor
gianaanderson/Documents/r_workshops/navy_public_health/data/al112017_best_track
' using driver `ESRI Shapefile'[] 
 []


Overfull \hbox (24.0pt too wide) in paragraph at lines 1611--1611
[]\TU/lmtt/m/n/10 ## bbox:           xmin: -90.1 ymin: 16.1 xmax: -26.9 ymax: 3
6.8[] 
 []


Overfull \hbox (18.75pt too wide) in paragraph at lines 1611--1611
[]\TU/lmtt/m/n/10 ## proj4string:    +proj=longlat +a=6371200 +b=6371200 +no_de
fs[] 
 []


Class tufte-book Warning: Proper spacing of small-caps letters has not been set
 up.
This message occurred on input line 1620.

[41]
File: navy_public_health_files/figure-latex/unnamed-chunk-30-1.pdf Graphic file
 (type pdf)
<use navy_public_health_files/figure-latex/unnamed-chunk-30-1.pdf>

Overfull \hbox (12.02463pt too wide) in paragraph at lines 1630--1631
[][]  
 []


LaTeX Warning: Marginpar on page 42 moved.

File: navy_public_health_files/figure-latex/unnamed-chunk-31-1.pdf Graphic file
 (type pdf)
<use navy_public_health_files/figure-latex/unnamed-chunk-31-1.pdf>

Overfull \hbox (12.02463pt too wide) in paragraph at lines 1656--1657
[][]  
 []


Underfull \vbox (badness 10000) has occurred while \output is active []


Class tufte-book Warning: Proper spacing of small-caps letters has not been set
 up.
This message occurred on input line 1658.

[42]

LaTeX Warning: Marginpar on page 43 moved.


Class tufte-book Warning: Proper spacing of small-caps letters has not been set
 up.
This message occurred on input line 1689.

[43] [44

]
Chapter 5.
[45] [46

]
Chapter 6.

LaTeX Warning: Marginpar on page 47 moved.


LaTeX Warning: Marginpar on page 47 moved.

[47]

Class tufte-book Warning: Proper spacing of small-caps letters has not been set
 up.
This message occurred on input line 1800.

[48]
Chapter 7.
(./navy_public_health.bbl [49

] [50

]
Chapter 8.
)
Package atveryend Info: Empty hook `BeforeClearDocument' on input line 1832.
[51]
Package atveryend Info: Empty hook `AfterLastShipout' on input line 1832.
(./navy_public_health.aux)
Package atveryend Info: Empty hook `AtVeryEndDocument' on input line 1832.
Package atveryend Info: Executing hook `AtEndAfterFileList' on input line 1832.

Package rerunfilecheck Info: File `navy_public_health.out' has not changed.
(rerunfilecheck)             Checksum: 1AB9DDD5AA5FBA1D44C8773007878179.

LaTeX Font Warning: Some font shapes were not available, defaults substituted.

Package atveryend Info: Empty hook `AtVeryVeryEnd' on input line 1832.
 ) 
Here is how much of TeX's memory you used:
 24509 strings out of 494921
 457022 string characters out of 6174292
 589759 words of memory out of 5000000
 28085 multiletter control sequences out of 15000+600000
 537891 words of font info for 82 fonts, out of 8000000 for 9000
 14 hyphenation exceptions out of 8191
 55i,12n,116p,536b,525s stack positions out of 5000i,500n,10000p,200000b,80000s

Output written on navy_public_health.pdf (51 pages).
